2023-08-06 02:30:53.748279 - Initialized conversion of CBT254
2023-08-06 02:30:55.880817 - Received CBT.V505.FILE254.PDS from FILE254.XMI 
2023-08-06 02:30:55.883268 - Found $$$#DATE.txt (text/plain) in CBT.V505.FILE254.PDS, moved to PDS/$$$#DATE
2023-08-06 02:30:55.884192 - Found $$$DOC.txt (text/plain) in CBT.V505.FILE254.PDS, moved to PDS/$$$DOC
2023-08-06 02:30:55.885243 - Found $#DOC.txt (text/plain) in CBT.V505.FILE254.PDS, moved to PDS/$#DOC
2023-08-06 02:30:55.886218 - Found @FILE254.txt (text/plain) in CBT.V505.FILE254.PDS, moved to PDS/@FILE254
2023-08-06 02:30:55.887139 - Found ABENDSAM.jcl (text/plain) in CBT.V505.FILE254.PDS, moved to PDS/ABENDSAM
2023-08-06 02:30:55.888104 - Found ABENDTST.jcl (text/plain) in CBT.V505.FILE254.PDS, moved to PDS/ABENDTST
2023-08-06 02:30:55.888895 - Found ABRINCR.jcl (text/plain) in CBT.V505.FILE254.PDS, moved to PDS/ABRINCR
2023-08-06 02:30:55.889916 - Found ABRUCAT.jcl (text/plain) in CBT.V505.FILE254.PDS, moved to PDS/ABRUCAT
2023-08-06 02:30:55.891081 - Found ADDDSD.rexx (text/plain) in CBT.V505.FILE254.PDS, moved to PDS/ADDDSD
2023-08-06 02:30:55.892082 - Found ALLOC.txt (text/plain) in CBT.V505.FILE254.PDS, moved to PDS/ALLOC
2023-08-06 02:30:55.893117 - Found ALTERM.rexx (text/plain) in CBT.V505.FILE254.PDS, moved to PDS/ALTERM
2023-08-06 02:30:55.894018 - Found ALTERS.rexx (text/plain) in CBT.V505.FILE254.PDS, moved to PDS/ALTERS
2023-08-06 02:30:55.895009 - Found AMASPZAP.jcl (text/plain) in CBT.V505.FILE254.PDS, moved to PDS/AMASPZAP
2023-08-06 02:30:55.895901 - Found AMAZAP2.jcl (text/plain) in CBT.V505.FILE254.PDS, moved to PDS/AMAZAP2
2023-08-06 02:30:55.896831 - Found AMBLIST.jcl (text/plain) in CBT.V505.FILE254.PDS, moved to PDS/AMBLIST
2023-08-06 02:30:55.897797 - Found AMSGQ.jcl (text/plain) in CBT.V505.FILE254.PDS, moved to PDS/AMSGQ
2023-08-06 02:30:55.898746 - Found AMSGQSSM.jcl (text/plain) in CBT.V505.FILE254.PDS, moved to PDS/AMSGQSSM
2023-08-06 02:30:55.899701 - Found ANALDASD.rexx (text/plain) in CBT.V505.FILE254.PDS, moved to PDS/ANALDASD
2023-08-06 02:30:55.900638 - Found ANALYZE.jcl (text/plain) in CBT.V505.FILE254.PDS, moved to PDS/ANALYZE
2023-08-06 02:30:55.901593 - Found APAFREPS.jcl (text/plain) in CBT.V505.FILE254.PDS, moved to PDS/APAFREPS
2023-08-06 02:30:55.902582 - Found ARCHIVE.jcl (text/plain) in CBT.V505.FILE254.PDS, moved to PDS/ARCHIVE
2023-08-06 02:30:55.903558 - Found ARCSIM.jcl (text/plain) in CBT.V505.FILE254.PDS, moved to PDS/ARCSIM
2023-08-06 02:30:55.904491 - Found ARCTEST.jcl (text/plain) in CBT.V505.FILE254.PDS, moved to PDS/ARCTEST
2023-08-06 02:30:55.905443 - Found ARTALI.rexx (text/plain) in CBT.V505.FILE254.PDS, moved to PDS/ARTALI
2023-08-06 02:30:55.906353 - Found ARTMOVE.rexx (text/plain) in CBT.V505.FILE254.PDS, moved to PDS/ARTMOVE
2023-08-06 02:30:55.907324 - Found ARTREST.rexx (text/plain) in CBT.V505.FILE254.PDS, moved to PDS/ARTREST
2023-08-06 02:30:55.908276 - Found ASMUT1.jcl (text/plain) in CBT.V505.FILE254.PDS, moved to PDS/ASMUT1
2023-08-06 02:30:55.909267 - Found ASYSQLS.jcl (text/plain) in CBT.V505.FILE254.PDS, moved to PDS/ASYSQLS
2023-08-06 02:30:55.910243 - Found ATEST.txt (text/plain) in CBT.V505.FILE254.PDS, moved to PDS/ATEST
2023-08-06 02:30:55.911235 - Found ATEST1.txt (text/plain) in CBT.V505.FILE254.PDS, moved to PDS/ATEST1
2023-08-06 02:30:55.912204 - Found A1.txt (text/plain) in CBT.V505.FILE254.PDS, moved to PDS/A1
2023-08-06 02:30:55.913200 - Found BLDCINP.txt (text/plain) in CBT.V505.FILE254.PDS, moved to PDS/BLDCINP
2023-08-06 02:30:55.914151 - Found BLDCJCL.rexx (text/plain) in CBT.V505.FILE254.PDS, moved to PDS/BLDCJCL
2023-08-06 02:30:55.915116 - Found BLDCJCL2.rexx (text/plain) in CBT.V505.FILE254.PDS, moved to PDS/BLDCJCL2
2023-08-06 02:30:55.916084 - Found BLDCJCL3.rexx (text/plain) in CBT.V505.FILE254.PDS, moved to PDS/BLDCJCL3
2023-08-06 02:30:55.917038 - Found BLDCJCL4.rexx (text/plain) in CBT.V505.FILE254.PDS, moved to PDS/BLDCJCL4
2023-08-06 02:30:55.917995 - Found BLDCJCL5.rexx (text/plain) in CBT.V505.FILE254.PDS, moved to PDS/BLDCJCL5
2023-08-06 02:30:55.918949 - Found BLDCJCL6.rexx (text/plain) in CBT.V505.FILE254.PDS, moved to PDS/BLDCJCL6
2023-08-06 02:30:55.919893 - Found BLDG.jcl (text/plain) in CBT.V505.FILE254.PDS, moved to PDS/BLDG
2023-08-06 02:30:55.920787 - Found BLDGPTAP.jcl (text/plain) in CBT.V505.FILE254.PDS, moved to PDS/BLDGPTAP
2023-08-06 02:30:55.921702 - Found BOOKSCAN.rexx (text/plain) in CBT.V505.FILE254.PDS, moved to PDS/BOOKSCAN
2023-08-06 02:30:55.922582 - Found BUILDX.jcl (text/plain) in CBT.V505.FILE254.PDS, moved to PDS/BUILDX
2023-08-06 02:30:55.923548 - Found CACHEONB.jcl (text/plain) in CBT.V505.FILE254.PDS, moved to PDS/CACHEONB
2023-08-06 02:30:55.924449 - Found CAPPLNBU.jcl (text/plain) in CBT.V505.FILE254.PDS, moved to PDS/CAPPLNBU
2023-08-06 02:30:55.925415 - Found CAPVCLUS.jcl (text/plain) in CBT.V505.FILE254.PDS, moved to PDS/CAPVCLUS
2023-08-06 02:30:55.926349 - Found CATEDIT.jcl (text/plain) in CBT.V505.FILE254.PDS, moved to PDS/CATEDIT
2023-08-06 02:30:55.927311 - Found CATEDITR.jcl (text/plain) in CBT.V505.FILE254.PDS, moved to PDS/CATEDITR
2023-08-06 02:30:55.928299 - Found CATSCAN.rexx (text/plain) in CBT.V505.FILE254.PDS, moved to PDS/CATSCAN
2023-08-06 02:30:55.929224 - Found CATSCANP.rexx (text/plain) in CBT.V505.FILE254.PDS, moved to PDS/CATSCANP
2023-08-06 02:30:55.930175 - Found CATTEMP.rexx (text/plain) in CBT.V505.FILE254.PDS, moved to PDS/CATTEMP
2023-08-06 02:30:55.931116 - Found CBTDOC.jcl (text/plain) in CBT.V505.FILE254.PDS, moved to PDS/CBTDOC
2023-08-06 02:30:55.931951 - Found CBTTEMP.jcl (text/plain) in CBT.V505.FILE254.PDS, moved to PDS/CBTTEMP
2023-08-06 02:30:55.932800 - Found CCPRCOLD.rexx (text/plain) in CBT.V505.FILE254.PDS, moved to PDS/CCPRCOLD
2023-08-06 02:30:55.933740 - Found CICSSUMM.rexx (text/plain) in CBT.V505.FILE254.PDS, moved to PDS/CICSSUMM
2023-08-06 02:30:55.934674 - Found CLIST.txt (text/plain) in CBT.V505.FILE254.PDS, moved to PDS/CLIST
2023-08-06 02:30:55.935546 - Found COFF.rexx (text/plain) in CBT.V505.FILE254.PDS, moved to PDS/COFF
2023-08-06 02:30:55.936404 - Found COMMADLM.rexx (text/plain) in CBT.V505.FILE254.PDS, moved to PDS/COMMADLM
2023-08-06 02:30:55.937286 - Found COMPLIB5.jcl (text/plain) in CBT.V505.FILE254.PDS, moved to PDS/COMPLIB5
2023-08-06 02:30:55.938322 - Found COPYDB.jcl (text/plain) in CBT.V505.FILE254.PDS, moved to PDS/COPYDB
2023-08-06 02:30:55.939272 - Found COPYSMS.jcl (text/plain) in CBT.V505.FILE254.PDS, moved to PDS/COPYSMS
2023-08-06 02:30:55.940175 - Found COUNTER.rexx (text/plain) in CBT.V505.FILE254.PDS, moved to PDS/COUNTER
2023-08-06 02:30:55.941175 - Found CPKMAP.jcl (text/plain) in CBT.V505.FILE254.PDS, moved to PDS/CPKMAP
2023-08-06 02:30:55.942037 - Found CPKSHR1.jcl (text/plain) in CBT.V505.FILE254.PDS, moved to PDS/CPKSHR1
2023-08-06 02:30:55.942959 - Found CPKSHR2.jcl (text/plain) in CBT.V505.FILE254.PDS, moved to PDS/CPKSHR2
2023-08-06 02:30:55.943784 - Found CPKSIMUL.jcl (text/plain) in CBT.V505.FILE254.PDS, moved to PDS/CPKSIMUL
2023-08-06 02:30:55.944591 - Found CPKTEST.jcl (text/plain) in CBT.V505.FILE254.PDS, moved to PDS/CPKTEST
2023-08-06 02:30:55.945409 - Found CPKUNMOV.jcl (text/plain) in CBT.V505.FILE254.PDS, moved to PDS/CPKUNMOV
2023-08-06 02:30:55.946282 - Found CPUAPAFX.rexx (text/plain) in CBT.V505.FILE254.PDS, moved to PDS/CPUAPAFX
2023-08-06 02:30:55.947131 - Found CPUAPAF1.jcl (text/plain) in CBT.V505.FILE254.PDS, moved to PDS/CPUAPAF1
2023-08-06 02:30:55.947977 - Found CSDBLANK.rexx (text/plain) in CBT.V505.FILE254.PDS, moved to PDS/CSDBLANK
2023-08-06 02:30:55.948825 - Found CSDLIST.jcl (text/plain) in CBT.V505.FILE254.PDS, moved to PDS/CSDLIST
2023-08-06 02:30:55.949802 - Found CTAPLIST.rexx (text/plain) in CBT.V505.FILE254.PDS, moved to PDS/CTAPLIST
2023-08-06 02:30:55.950754 - Found CTNSUB.jcl (text/plain) in CBT.V505.FILE254.PDS, moved to PDS/CTNSUB
2023-08-06 02:30:55.951700 - Found C370.jcl (text/plain) in CBT.V505.FILE254.PDS, moved to PDS/C370
2023-08-06 02:30:55.952632 - Found DABR.txt (text/plain) in CBT.V505.FILE254.PDS, moved to PDS/DABR
2023-08-06 02:30:55.953545 - Found DASDANAL.rexx (text/plain) in CBT.V505.FILE254.PDS, moved to PDS/DASDANAL
2023-08-06 02:30:55.954488 - Found DATACLAO.txt (text/plain) in CBT.V505.FILE254.PDS, moved to PDS/DATACLAO
2023-08-06 02:30:55.955434 - Found DATE.jcl (text/plain) in CBT.V505.FILE254.PDS, moved to PDS/DATE
2023-08-06 02:30:55.956370 - Found DBLISTC.jcl (text/plain) in CBT.V505.FILE254.PDS, moved to PDS/DBLISTC
2023-08-06 02:30:55.957294 - Found DBUSTATS.jcl (text/plain) in CBT.V505.FILE254.PDS, moved to PDS/DBUSTATS
2023-08-06 02:30:55.958168 - Found DCAP.txt (text/plain) in CBT.V505.FILE254.PDS, moved to PDS/DCAP
2023-08-06 02:30:55.959122 - Found DCAPAPF.txt (text/plain) in CBT.V505.FILE254.PDS, moved to PDS/DCAPAPF
2023-08-06 02:30:55.960024 - Found DCAPDIST.txt (text/plain) in CBT.V505.FILE254.PDS, moved to PDS/DCAPDIST
2023-08-06 02:30:55.960997 - Found DCAPINVN.txt (text/plain) in CBT.V505.FILE254.PDS, moved to PDS/DCAPINVN
2023-08-06 02:30:55.961931 - Found DCAPPLAN.txt (text/plain) in CBT.V505.FILE254.PDS, moved to PDS/DCAPPLAN
2023-08-06 02:30:55.962845 - Found DCAPSALE.txt (text/plain) in CBT.V505.FILE254.PDS, moved to PDS/DCAPSALE
2023-08-06 02:30:55.963773 - Found DCAPSTRX.txt (text/plain) in CBT.V505.FILE254.PDS, moved to PDS/DCAPSTRX
2023-08-06 02:30:55.964683 - Found DEFNTSNW.jcl (text/plain) in CBT.V505.FILE254.PDS, moved to PDS/DEFNTSNW
2023-08-06 02:30:55.965605 - Found DEFRCAT.jcl (text/plain) in CBT.V505.FILE254.PDS, moved to PDS/DEFRCAT
2023-08-06 02:30:55.966517 - Found DEFTSOC.jcl (text/plain) in CBT.V505.FILE254.PDS, moved to PDS/DEFTSOC
2023-08-06 02:30:55.967452 - Found DELETEG.jcl (text/plain) in CBT.V505.FILE254.PDS, moved to PDS/DELETEG
2023-08-06 02:30:55.968438 - Found DELNOSCR.jcl (text/plain) in CBT.V505.FILE254.PDS, moved to PDS/DELNOSCR
2023-08-06 02:30:55.969377 - Found DELNVRE.rexx (text/plain) in CBT.V505.FILE254.PDS, moved to PDS/DELNVRE
2023-08-06 02:30:55.970355 - Found DELTNSCR.jcl (text/plain) in CBT.V505.FILE254.PDS, moved to PDS/DELTNSCR
2023-08-06 02:30:55.971245 - Found DELTNVR.jcl (text/plain) in CBT.V505.FILE254.PDS, moved to PDS/DELTNVR
2023-08-06 02:30:55.972152 - Found DELTVVR.jcl (text/plain) in CBT.V505.FILE254.PDS, moved to PDS/DELTVVR
2023-08-06 02:30:55.973135 - Found DELUCAT.jcl (text/plain) in CBT.V505.FILE254.PDS, moved to PDS/DELUCAT
2023-08-06 02:30:55.973993 - Found DELVSAM.jcl (text/plain) in CBT.V505.FILE254.PDS, moved to PDS/DELVSAM
2023-08-06 02:30:55.974906 - Found DELVVDS.jcl (text/plain) in CBT.V505.FILE254.PDS, moved to PDS/DELVVDS
2023-08-06 02:30:55.975769 - Found DELVVRE.rexx (text/plain) in CBT.V505.FILE254.PDS, moved to PDS/DELVVRE
2023-08-06 02:30:55.976691 - Found DFDSSDEL.jcl (text/plain) in CBT.V505.FILE254.PDS, moved to PDS/DFDSSDEL
2023-08-06 02:30:55.977622 - Found DFDSSDMP.jcl (text/plain) in CBT.V505.FILE254.PDS, moved to PDS/DFDSSDMP
2023-08-06 02:30:55.978518 - Found DFDSSRST.jcl (text/plain) in CBT.V505.FILE254.PDS, moved to PDS/DFDSSRST
2023-08-06 02:30:55.979451 - Found DFDSS1.jcl (text/plain) in CBT.V505.FILE254.PDS, moved to PDS/DFDSS1
2023-08-06 02:30:55.980388 - Found DFDSS2.jcl (text/plain) in CBT.V505.FILE254.PDS, moved to PDS/DFDSS2
2023-08-06 02:30:55.981339 - Found DIAGNOSE.jcl (text/plain) in CBT.V505.FILE254.PDS, moved to PDS/DIAGNOSE
2023-08-06 02:30:55.982296 - Found DISASM.jcl (text/plain) in CBT.V505.FILE254.PDS, moved to PDS/DISASM
2023-08-06 02:30:55.983229 - Found DLFDELET.jcl (text/plain) in CBT.V505.FILE254.PDS, moved to PDS/DLFDELET
2023-08-06 02:30:55.984173 - Found DRERPROF.rexx (text/plain) in CBT.V505.FILE254.PDS, moved to PDS/DRERPROF
2023-08-06 02:30:55.985124 - Found DSABATTR.jcl (text/plain) in CBT.V505.FILE254.PDS, moved to PDS/DSABATTR
2023-08-06 02:30:55.985978 - Found DSABINUS.jcl (text/plain) in CBT.V505.FILE254.PDS, moved to PDS/DSABINUS
2023-08-06 02:30:55.986854 - Found DSS.jcl (text/plain) in CBT.V505.FILE254.PDS, moved to PDS/DSS
2023-08-06 02:30:55.987718 - Found DSSAVE.jcl (text/plain) in CBT.V505.FILE254.PDS, moved to PDS/DSSAVE
2023-08-06 02:30:55.988630 - Found DYNATEST.jcl (text/plain) in CBT.V505.FILE254.PDS, moved to PDS/DYNATEST
2023-08-06 02:30:55.989594 - Found EXAMINE.jcl (text/plain) in CBT.V505.FILE254.PDS, moved to PDS/EXAMINE
2023-08-06 02:30:55.990472 - Found EXPAND.jcl (text/plain) in CBT.V505.FILE254.PDS, moved to PDS/EXPAND
2023-08-06 02:30:55.991432 - Found EXPLAIN.txt (text/plain) in CBT.V505.FILE254.PDS, moved to PDS/EXPLAIN
2023-08-06 02:30:55.992351 - Found EXPORT.jcl (text/plain) in CBT.V505.FILE254.PDS, moved to PDS/EXPORT
2023-08-06 02:30:55.993458 - Found EXPRTCAT.jcl (text/plain) in CBT.V505.FILE254.PDS, moved to PDS/EXPRTCAT
2023-08-06 02:30:55.994349 - Found EXTRCTCP.rexx (text/plain) in CBT.V505.FILE254.PDS, moved to PDS/EXTRCTCP
2023-08-06 02:30:55.995276 - Found FAVER.jcl (text/plain) in CBT.V505.FILE254.PDS, moved to PDS/FAVER
2023-08-06 02:30:55.996191 - Found FDRAGING.jcl (text/plain) in CBT.V505.FILE254.PDS, moved to PDS/FDRAGING
2023-08-06 02:30:55.997143 - Found FDRCATR.jcl (text/plain) in CBT.V505.FILE254.PDS, moved to PDS/FDRCATR
2023-08-06 02:30:55.997987 - Found FDRCOPY1.jcl (text/plain) in CBT.V505.FILE254.PDS, moved to PDS/FDRCOPY1
2023-08-06 02:30:55.998905 - Found FDRDUMP.jcl (text/plain) in CBT.V505.FILE254.PDS, moved to PDS/FDRDUMP
2023-08-06 02:30:55.999862 - Found FDREPORT.jcl (text/plain) in CBT.V505.FILE254.PDS, moved to PDS/FDREPORT
2023-08-06 02:30:56.000755 - Found FDRLOAD.jcl (text/plain) in CBT.V505.FILE254.PDS, moved to PDS/FDRLOAD
2023-08-06 02:30:56.001731 - Found FDRMOVE.jcl (text/plain) in CBT.V505.FILE254.PDS, moved to PDS/FDRMOVE
2023-08-06 02:30:56.002647 - Found FDRPRINT.jcl (text/plain) in CBT.V505.FILE254.PDS, moved to PDS/FDRPRINT
2023-08-06 02:30:56.003549 - Found FDRPVTOC.jcl (text/plain) in CBT.V505.FILE254.PDS, moved to PDS/FDRPVTOC
2023-08-06 02:30:56.004380 - Found FDRRPT.jcl (text/plain) in CBT.V505.FILE254.PDS, moved to PDS/FDRRPT
2023-08-06 02:30:56.005309 - Found FDRRPT2.jcl (text/plain) in CBT.V505.FILE254.PDS, moved to PDS/FDRRPT2
2023-08-06 02:30:56.006183 - Found FDRRPT3.jcl (text/plain) in CBT.V505.FILE254.PDS, moved to PDS/FDRRPT3
2023-08-06 02:30:56.007055 - Found FDRRPT4.jcl (text/plain) in CBT.V505.FILE254.PDS, moved to PDS/FDRRPT4
2023-08-06 02:30:56.007986 - Found FDSCAN.jcl (text/plain) in CBT.V505.FILE254.PDS, moved to PDS/FDSCAN
2023-08-06 02:30:56.008906 - Found FIXCAT.rexx (text/plain) in CBT.V505.FILE254.PDS, moved to PDS/FIXCAT
2023-08-06 02:30:56.009868 - Found FIXCAT2.jcl (text/plain) in CBT.V505.FILE254.PDS, moved to PDS/FIXCAT2
2023-08-06 02:30:56.010768 - Found FIXCLAS1.jcl (text/plain) in CBT.V505.FILE254.PDS, moved to PDS/FIXCLAS1
2023-08-06 02:30:56.011728 - Found FIXINDEX.jcl (text/plain) in CBT.V505.FILE254.PDS, moved to PDS/FIXINDEX
2023-08-06 02:30:56.012567 - Found FIXLISTC.rexx (text/plain) in CBT.V505.FILE254.PDS, moved to PDS/FIXLISTC
2023-08-06 02:30:56.013413 - Found FIXOUT1.rexx (text/plain) in CBT.V505.FILE254.PDS, moved to PDS/FIXOUT1
2023-08-06 02:30:56.014355 - Found FIXOUT2.rexx (text/plain) in CBT.V505.FILE254.PDS, moved to PDS/FIXOUT2
2023-08-06 02:30:56.015231 - Found FIXU1.rexx (text/plain) in CBT.V505.FILE254.PDS, moved to PDS/FIXU1
2023-08-06 02:30:56.016031 - Found FOCUSCMD.txt (text/plain) in CBT.V505.FILE254.PDS, moved to PDS/FOCUSCMD
2023-08-06 02:30:56.016894 - Found FOCUSJCL.jcl (text/plain) in CBT.V505.FILE254.PDS, moved to PDS/FOCUSJCL
2023-08-06 02:30:56.017728 - Found FRAGINDX.jcl (text/plain) in CBT.V505.FILE254.PDS, moved to PDS/FRAGINDX
2023-08-06 02:30:56.018707 - Found FRCABTRM.jcl (text/plain) in CBT.V505.FILE254.PDS, moved to PDS/FRCABTRM
2023-08-06 02:30:56.019665 - Found FREEALL.jcl (text/plain) in CBT.V505.FILE254.PDS, moved to PDS/FREEALL
2023-08-06 02:30:56.020585 - Found FS.rexx (text/plain) in CBT.V505.FILE254.PDS, moved to PDS/FS
2023-08-06 02:30:56.021598 - Found FTP.jcl (text/plain) in CBT.V505.FILE254.PDS, moved to PDS/FTP
2023-08-06 02:30:56.022449 - Found GDGTEST.jcl (text/plain) in CBT.V505.FILE254.PDS, moved to PDS/GDGTEST
2023-08-06 02:30:56.023383 - Found GENDUMP.jcl (text/plain) in CBT.V505.FILE254.PDS, moved to PDS/GENDUMP
2023-08-06 02:30:56.024340 - Found GENRECAT.rexx (text/plain) in CBT.V505.FILE254.PDS, moved to PDS/GENRECAT
2023-08-06 02:30:56.025281 - Found GENREST.jcl (text/plain) in CBT.V505.FILE254.PDS, moved to PDS/GENREST
2023-08-06 02:30:56.026206 - Found GENSAR.jcl (text/plain) in CBT.V505.FILE254.PDS, moved to PDS/GENSAR
2023-08-06 02:30:56.027151 - Found GRANT.txt (text/plain) in CBT.V505.FILE254.PDS, moved to PDS/GRANT
2023-08-06 02:30:56.028111 - Found GRANTS.txt (text/plain) in CBT.V505.FILE254.PDS, moved to PDS/GRANTS
2023-08-06 02:30:56.029084 - Found GRSUSER.jcl (text/plain) in CBT.V505.FILE254.PDS, moved to PDS/GRSUSER
2023-08-06 02:30:56.029962 - Found GSY05A.jcl (text/plain) in CBT.V505.FILE254.PDS, moved to PDS/GSY05A
2023-08-06 02:30:56.030876 - Found GSY05AT.jcl (text/plain) in CBT.V505.FILE254.PDS, moved to PDS/GSY05AT
2023-08-06 02:30:56.031786 - Found HISTOGRM.jcl (text/plain) in CBT.V505.FILE254.PDS, moved to PDS/HISTOGRM
2023-08-06 02:30:56.032711 - Found IAMACCES.txt (text/plain) in CBT.V505.FILE254.PDS, moved to PDS/IAMACCES
2023-08-06 02:30:56.033617 - Found IAMCREAT.txt (text/plain) in CBT.V505.FILE254.PDS, moved to PDS/IAMCREAT
2023-08-06 02:30:56.034600 - Found IAMLOAD.jcl (text/plain) in CBT.V505.FILE254.PDS, moved to PDS/IAMLOAD
2023-08-06 02:30:56.035586 - Found IAMREPRO.jcl (text/plain) in CBT.V505.FILE254.PDS, moved to PDS/IAMREPRO
2023-08-06 02:30:56.036492 - Found IAMSIMVS.jcl (text/plain) in CBT.V505.FILE254.PDS, moved to PDS/IAMSIMVS
2023-08-06 02:30:56.037421 - Found IAMSMFVS.jcl (text/plain) in CBT.V505.FILE254.PDS, moved to PDS/IAMSMFVS
2023-08-06 02:30:56.038323 - Found IBMSMFD.jcl (text/plain) in CBT.V505.FILE254.PDS, moved to PDS/IBMSMFD
2023-08-06 02:30:56.039305 - Found ICECALC.rexx (text/plain) in CBT.V505.FILE254.PDS, moved to PDS/ICECALC
2023-08-06 02:30:56.040250 - Found ICETEST.rexx (text/plain) in CBT.V505.FILE254.PDS, moved to PDS/ICETEST
2023-08-06 02:30:56.041166 - Found ICKDSF.jcl (text/plain) in CBT.V505.FILE254.PDS, moved to PDS/ICKDSF
2023-08-06 02:30:56.042129 - Found IEBGENER.jcl (text/plain) in CBT.V505.FILE254.PDS, moved to PDS/IEBGENER
2023-08-06 02:30:56.043092 - Found IEBGENR2.jcl (text/plain) in CBT.V505.FILE254.PDS, moved to PDS/IEBGENR2
2023-08-06 02:30:56.043994 - Found IEBGENR3.jcl (text/plain) in CBT.V505.FILE254.PDS, moved to PDS/IEBGENR3
2023-08-06 02:30:56.044872 - Found IEBUPDTE.jcl (text/plain) in CBT.V505.FILE254.PDS, moved to PDS/IEBUPDTE
2023-08-06 02:30:56.045808 - Found IEFDB401.jcl (text/plain) in CBT.V505.FILE254.PDS, moved to PDS/IEFDB401
2023-08-06 02:30:56.046671 - Found IEHPROGM.jcl (text/plain) in CBT.V505.FILE254.PDS, moved to PDS/IEHPROGM
2023-08-06 02:30:56.047568 - Found IGDSMS00.txt (text/plain) in CBT.V505.FILE254.PDS, moved to PDS/IGDSMS00
2023-08-06 02:30:56.048487 - Found IMAGEGEN.jcl (text/plain) in CBT.V505.FILE254.PDS, moved to PDS/IMAGEGEN
2023-08-06 02:30:56.049435 - Found IMAGEGNT.jcl (text/plain) in CBT.V505.FILE254.PDS, moved to PDS/IMAGEGNT
2023-08-06 02:30:56.050291 - Found IMAGEGN2.jcl (text/plain) in CBT.V505.FILE254.PDS, moved to PDS/IMAGEGN2
2023-08-06 02:30:56.051222 - Found IMAGEGN3.jcl (text/plain) in CBT.V505.FILE254.PDS, moved to PDS/IMAGEGN3
2023-08-06 02:30:56.052180 - Found IMAGEGN4.jcl (text/plain) in CBT.V505.FILE254.PDS, moved to PDS/IMAGEGN4
2023-08-06 02:30:56.053151 - Found IMAGETST.jcl (text/plain) in CBT.V505.FILE254.PDS, moved to PDS/IMAGETST
2023-08-06 02:30:56.054062 - Found IMAGTST.jcl (text/plain) in CBT.V505.FILE254.PDS, moved to PDS/IMAGTST
2023-08-06 02:30:56.054986 - Found IMPRTCAT.jcl (text/plain) in CBT.V505.FILE254.PDS, moved to PDS/IMPRTCAT
2023-08-06 02:30:56.055924 - Found INCLUDE1.txt (text/plain) in CBT.V505.FILE254.PDS, moved to PDS/INCLUDE1
2023-08-06 02:30:56.056843 - Found INCLUDE2.txt (text/plain) in CBT.V505.FILE254.PDS, moved to PDS/INCLUDE2
2023-08-06 02:30:56.057805 - Found IOCPCHK.jcl (text/plain) in CBT.V505.FILE254.PDS, moved to PDS/IOCPCHK
2023-08-06 02:30:56.058650 - Found IOCPWRIT.jcl (text/plain) in CBT.V505.FILE254.PDS, moved to PDS/IOCPWRIT
2023-08-06 02:30:56.059610 - Found IOSUBSYS.rexx (text/plain) in CBT.V505.FILE254.PDS, moved to PDS/IOSUBSYS
2023-08-06 02:30:56.060524 - Found ITEST.jcl (text/plain) in CBT.V505.FILE254.PDS, moved to PDS/ITEST
2023-08-06 02:30:56.061479 - Found JCLPDB6.jcl (text/plain) in CBT.V505.FILE254.PDS, moved to PDS/JCLPDB6
2023-08-06 02:30:56.062319 - Found JCLRPT.jcl (text/plain) in CBT.V505.FILE254.PDS, moved to PDS/JCLRPT
2023-08-06 02:30:56.063238 - Found JEFFCALL.jcl (text/plain) in CBT.V505.FILE254.PDS, moved to PDS/JEFFCALL
2023-08-06 02:30:56.064122 - Found JOBCARD.jcl (text/plain) in CBT.V505.FILE254.PDS, moved to PDS/JOBCARD
2023-08-06 02:30:56.065032 - Found JSVERIFY.jcl (text/plain) in CBT.V505.FILE254.PDS, moved to PDS/JSVERIFY
2023-08-06 02:30:56.065896 - Found LDATAB.jcl (text/plain) in CBT.V505.FILE254.PDS, moved to PDS/LDATAB
2023-08-06 02:30:56.066818 - Found LIBIP02.txt (text/plain) in CBT.V505.FILE254.PDS, moved to PDS/LIBIP02
2023-08-06 02:30:56.067774 - Found LIBSMP.jcl (text/plain) in CBT.V505.FILE254.PDS, moved to PDS/LIBSMP
2023-08-06 02:30:56.068690 - Found LIBSUB.jcl (text/plain) in CBT.V505.FILE254.PDS, moved to PDS/LIBSUB
2023-08-06 02:30:56.069594 - Found LINK.jcl (text/plain) in CBT.V505.FILE254.PDS, moved to PDS/LINK
2023-08-06 02:30:56.070515 - Found LISTCAT.jcl (text/plain) in CBT.V505.FILE254.PDS, moved to PDS/LISTCAT
2023-08-06 02:30:56.071441 - Found LISTCAT2.jcl (text/plain) in CBT.V505.FILE254.PDS, moved to PDS/LISTCAT2
2023-08-06 02:30:56.072405 - Found LISTIDR.jcl (text/plain) in CBT.V505.FILE254.PDS, moved to PDS/LISTIDR
2023-08-06 02:30:56.073347 - Found LISTVTOC.jcl (text/plain) in CBT.V505.FILE254.PDS, moved to PDS/LISTVTOC
2023-08-06 02:30:56.074303 - Found LOADPCT.jcl (text/plain) in CBT.V505.FILE254.PDS, moved to PDS/LOADPCT
2023-08-06 02:30:56.075264 - Found LOADZEKE.jcl (text/plain) in CBT.V505.FILE254.PDS, moved to PDS/LOADZEKE
2023-08-06 02:30:56.076158 - Found LOGREC.jcl (text/plain) in CBT.V505.FILE254.PDS, moved to PDS/LOGREC
2023-08-06 02:30:56.077050 - Found LOOKCMDS.rexx (text/plain) in CBT.V505.FILE254.PDS, moved to PDS/LOOKCMDS
2023-08-06 02:30:56.077961 - Found LOOKSMSC.rexx (text/plain) in CBT.V505.FILE254.PDS, moved to PDS/LOOKSMSC
2023-08-06 02:30:56.078922 - Found LPROLL.jcl (text/plain) in CBT.V505.FILE254.PDS, moved to PDS/LPROLL
2023-08-06 02:30:56.079956 - Found MERGTEST.jcl (text/plain) in CBT.V505.FILE254.PDS, moved to PDS/MERGTEST
2023-08-06 02:30:56.080884 - Found MGMTCLAO.txt (text/plain) in CBT.V505.FILE254.PDS, moved to PDS/MGMTCLAO
2023-08-06 02:30:56.081881 - Found MIMAUTH.jcl (text/plain) in CBT.V505.FILE254.PDS, moved to PDS/MIMAUTH
2023-08-06 02:30:56.082786 - Found MIMZAP.jcl (text/plain) in CBT.V505.FILE254.PDS, moved to PDS/MIMZAP
2023-08-06 02:30:56.083718 - Found MODELGDG.jcl (text/plain) in CBT.V505.FILE254.PDS, moved to PDS/MODELGDG
2023-08-06 02:30:56.084658 - Found MORTGAGE.rexx (text/plain) in CBT.V505.FILE254.PDS, moved to PDS/MORTGAGE
2023-08-06 02:30:56.085662 - Found MOVESMS.jcl (text/plain) in CBT.V505.FILE254.PDS, moved to PDS/MOVESMS
2023-08-06 02:30:56.086585 - Found MPFLST00.txt (text/plain) in CBT.V505.FILE254.PDS, moved to PDS/MPFLST00
2023-08-06 02:30:56.087570 - Found MSGAUTOM.txt (text/plain) in CBT.V505.FILE254.PDS, moved to PDS/MSGAUTOM
2023-08-06 02:30:56.088529 - Found MSGQ.jcl (text/plain) in CBT.V505.FILE254.PDS, moved to PDS/MSGQ
2023-08-06 02:30:56.089424 - Found MVSNFS.jcl (text/plain) in CBT.V505.FILE254.PDS, moved to PDS/MVSNFS
2023-08-06 02:30:56.090292 - Found MXGFORMT.jcl (text/plain) in CBT.V505.FILE254.PDS, moved to PDS/MXGFORMT
2023-08-06 02:30:56.091218 - Found MXGLOAD.jcl (text/plain) in CBT.V505.FILE254.PDS, moved to PDS/MXGLOAD
2023-08-06 02:30:56.092163 - Found M204B.jcl (text/plain) in CBT.V505.FILE254.PDS, moved to PDS/M204B
2023-08-06 02:30:56.093070 - Found M205B.jcl (text/plain) in CBT.V505.FILE254.PDS, moved to PDS/M205B
2023-08-06 02:30:56.094024 - Found M206B.jcl (text/plain) in CBT.V505.FILE254.PDS, moved to PDS/M206B
2023-08-06 02:30:56.094978 - Found NJESAMP.jcl (text/plain) in CBT.V505.FILE254.PDS, moved to PDS/NJESAMP
2023-08-06 02:30:56.095958 - Found NTVAUTCL.jcl (text/plain) in CBT.V505.FILE254.PDS, moved to PDS/NTVAUTCL
2023-08-06 02:30:56.096856 - Found ONLVOL.jcl (text/plain) in CBT.V505.FILE254.PDS, moved to PDS/ONLVOL
2023-08-06 02:30:56.097776 - Found PASSWORD.jcl (text/plain) in CBT.V505.FILE254.PDS, moved to PDS/PASSWORD
2023-08-06 02:30:56.098684 - Found PDS.rexx (text/plain) in CBT.V505.FILE254.PDS, moved to PDS/PDS
2023-08-06 02:30:56.099657 - Found PDSMTCH.rexx (text/plain) in CBT.V505.FILE254.PDS, moved to PDS/PDSMTCH
2023-08-06 02:30:56.100555 - Found PDSSYSIN.txt (text/plain) in CBT.V505.FILE254.PDS, moved to PDS/PDSSYSIN
2023-08-06 02:30:56.101500 - Found PDSTOSEQ.jcl (text/plain) in CBT.V505.FILE254.PDS, moved to PDS/PDSTOSEQ
2023-08-06 02:30:56.102379 - Found PDSXSEQ.jcl (text/plain) in CBT.V505.FILE254.PDS, moved to PDS/PDSXSEQ
2023-08-06 02:30:56.103375 - Found PIPEDUMP.jcl (text/plain) in CBT.V505.FILE254.PDS, moved to PDS/PIPEDUMP
2023-08-06 02:30:56.104243 - Found PIPEIN.jcl (text/plain) in CBT.V505.FILE254.PDS, moved to PDS/PIPEIN
2023-08-06 02:30:56.105198 - Found PIPEOUT.jcl (text/plain) in CBT.V505.FILE254.PDS, moved to PDS/PIPEOUT
2023-08-06 02:30:56.106041 - Found PMONASM.jcl (text/plain) in CBT.V505.FILE254.PDS, moved to PDS/PMONASM
2023-08-06 02:30:56.106976 - Found POLLBKV0.jcl (text/plain) in CBT.V505.FILE254.PDS, moved to PDS/POLLBKV0
2023-08-06 02:30:56.107868 - Found POLLBKV1.jcl (text/plain) in CBT.V505.FILE254.PDS, moved to PDS/POLLBKV1
2023-08-06 02:30:56.108693 - Found POLLCOPY.txt (text/plain) in CBT.V505.FILE254.PDS, moved to PDS/POLLCOPY
2023-08-06 02:30:56.109542 - Found POLLDOWN.jcl (text/plain) in CBT.V505.FILE254.PDS, moved to PDS/POLLDOWN
2023-08-06 02:30:56.110448 - Found POLLTSTS.jcl (text/plain) in CBT.V505.FILE254.PDS, moved to PDS/POLLTSTS
2023-08-06 02:30:56.111441 - Found POLLTST3.jcl (text/plain) in CBT.V505.FILE254.PDS, moved to PDS/POLLTST3
2023-08-06 02:30:56.112420 - Found POLLTUT1.jcl (text/plain) in CBT.V505.FILE254.PDS, moved to PDS/POLLTUT1
2023-08-06 02:30:56.113397 - Found POLLT160.jcl (text/plain) in CBT.V505.FILE254.PDS, moved to PDS/POLLT160
2023-08-06 02:30:56.114368 - Found POLLT320.jcl (text/plain) in CBT.V505.FILE254.PDS, moved to PDS/POLLT320
2023-08-06 02:30:56.115253 - Found POSXR01D.jcl (text/plain) in CBT.V505.FILE254.PDS, moved to PDS/POSXR01D
2023-08-06 02:30:56.116182 - Found PRINTMIL.rexx (text/plain) in CBT.V505.FILE254.PDS, moved to PDS/PRINTMIL
2023-08-06 02:30:56.117169 - Found PRTDMP.jcl (text/plain) in CBT.V505.FILE254.PDS, moved to PDS/PRTDMP
2023-08-06 02:30:56.118125 - Found PRTDMP2.jcl (text/plain) in CBT.V505.FILE254.PDS, moved to PDS/PRTDMP2
2023-08-06 02:30:56.119059 - Found PSDD81D.jcl (text/plain) in CBT.V505.FILE254.PDS, moved to PDS/PSDD81D
2023-08-06 02:30:56.119994 - Found PSEQTEST.jcl (text/plain) in CBT.V505.FILE254.PDS, moved to PDS/PSEQTEST
2023-08-06 02:30:56.120939 - Found PURBKUP.jcl (text/plain) in CBT.V505.FILE254.PDS, moved to PDS/PURBKUP
2023-08-06 02:30:56.121911 - Found QCAPF1.rexx (text/plain) in CBT.V505.FILE254.PDS, moved to PDS/QCAPF1
2023-08-06 02:30:56.122856 - Found QCAPF5.rexx (text/plain) in CBT.V505.FILE254.PDS, moved to PDS/QCAPF5
2023-08-06 02:30:56.123826 - Found QCDLY2.rexx (text/plain) in CBT.V505.FILE254.PDS, moved to PDS/QCDLY2
2023-08-06 02:30:56.124780 - Found QCTMN1.rexx (text/plain) in CBT.V505.FILE254.PDS, moved to PDS/QCTMN1
2023-08-06 02:30:56.125760 - Found QCTMN2.rexx (text/plain) in CBT.V505.FILE254.PDS, moved to PDS/QCTMN2
2023-08-06 02:30:56.126706 - Found QSAMHIPR.jcl (text/plain) in CBT.V505.FILE254.PDS, moved to PDS/QSAMHIPR
2023-08-06 02:30:56.127655 - Found QXREF.txt (text/plain) in CBT.V505.FILE254.PDS, moved to PDS/QXREF
2023-08-06 02:30:56.128577 - Found RACFUSER.jcl (text/plain) in CBT.V505.FILE254.PDS, moved to PDS/RACFUSER
2023-08-06 02:30:56.129501 - Found RACFUSR1.jcl (text/plain) in CBT.V505.FILE254.PDS, moved to PDS/RACFUSR1
2023-08-06 02:30:56.130435 - Found RBARESET.jcl (text/plain) in CBT.V505.FILE254.PDS, moved to PDS/RBARESET
2023-08-06 02:30:56.131407 - Found RBATEST.jcl (text/plain) in CBT.V505.FILE254.PDS, moved to PDS/RBATEST
2023-08-06 02:30:56.132305 - Found RCTMN2.rexx (text/plain) in CBT.V505.FILE254.PDS, moved to PDS/RCTMN2
2023-08-06 02:30:56.133238 - Found RCXCL.jcl (text/plain) in CBT.V505.FILE254.PDS, moved to PDS/RCXCL
2023-08-06 02:30:56.134169 - Found REFRESAA.jcl (text/plain) in CBT.V505.FILE254.PDS, moved to PDS/REFRESAA
2023-08-06 02:30:56.135106 - Found REFROLD.rexx (text/plain) in CBT.V505.FILE254.PDS, moved to PDS/REFROLD
2023-08-06 02:30:56.135999 - Found REPRO.txt (text/plain) in CBT.V505.FILE254.PDS, moved to PDS/REPRO
2023-08-06 02:30:56.136900 - Found RESONL.jcl (text/plain) in CBT.V505.FILE254.PDS, moved to PDS/RESONL
2023-08-06 02:30:56.137896 - Found RESTADDR.jcl (text/plain) in CBT.V505.FILE254.PDS, moved to PDS/RESTADDR
2023-08-06 02:30:56.138851 - Found REXXSQLS.jcl (text/plain) in CBT.V505.FILE254.PDS, moved to PDS/REXXSQLS
2023-08-06 02:30:56.139774 - Found RMAXMON.rexx (text/plain) in CBT.V505.FILE254.PDS, moved to PDS/RMAXMON
2023-08-06 02:30:56.140719 - Found RMAXOLD.rexx (text/plain) in CBT.V505.FILE254.PDS, moved to PDS/RMAXOLD
2023-08-06 02:30:56.141579 - Found RMFDATA.jcl (text/plain) in CBT.V505.FILE254.PDS, moved to PDS/RMFDATA
2023-08-06 02:30:56.142598 - Found RMFGEN.rexx (text/plain) in CBT.V505.FILE254.PDS, moved to PDS/RMFGEN
2023-08-06 02:30:56.143568 - Found RMFPP.jcl (text/plain) in CBT.V505.FILE254.PDS, moved to PDS/RMFPP
2023-08-06 02:30:56.144464 - Found RMFPP1.jcl (text/plain) in CBT.V505.FILE254.PDS, moved to PDS/RMFPP1
2023-08-06 02:30:56.145395 - Found RMFPP2.jcl (text/plain) in CBT.V505.FILE254.PDS, moved to PDS/RMFPP2
2023-08-06 02:30:56.146276 - Found RMFPP4.jcl (text/plain) in CBT.V505.FILE254.PDS, moved to PDS/RMFPP4
2023-08-06 02:30:56.147150 - Found RMFPP5.jcl (text/plain) in CBT.V505.FILE254.PDS, moved to PDS/RMFPP5
2023-08-06 02:30:56.148069 - Found RMFPP6.jcl (text/plain) in CBT.V505.FILE254.PDS, moved to PDS/RMFPP6
2023-08-06 02:30:56.148968 - Found RMFPP9.jcl (text/plain) in CBT.V505.FILE254.PDS, moved to PDS/RMFPP9
2023-08-06 02:30:56.149839 - Found RNLCHECK.rexx (text/plain) in CBT.V505.FILE254.PDS, moved to PDS/RNLCHECK
2023-08-06 02:30:56.150748 - Found RNLCKASM.jcl (text/plain) in CBT.V505.FILE254.PDS, moved to PDS/RNLCKASM
2023-08-06 02:30:56.151739 - Found ROBOCOP.rexx (text/plain) in CBT.V505.FILE254.PDS, moved to PDS/ROBOCOP
2023-08-06 02:30:56.152641 - Found ROBOTEST.jcl (text/plain) in CBT.V505.FILE254.PDS, moved to PDS/ROBOTEST
2023-08-06 02:30:56.153539 - Found ROCKROLL.rexx (text/plain) in CBT.V505.FILE254.PDS, moved to PDS/ROCKROLL
2023-08-06 02:30:56.154479 - Found RPKZIP.jcl (text/plain) in CBT.V505.FILE254.PDS, moved to PDS/RPKZIP
2023-08-06 02:30:56.155429 - Found RUNASQL.jcl (text/plain) in CBT.V505.FILE254.PDS, moved to PDS/RUNASQL
2023-08-06 02:30:56.156329 - Found RUNDATE.jcl (text/plain) in CBT.V505.FILE254.PDS, moved to PDS/RUNDATE
2023-08-06 02:30:56.157260 - Found RUNDMPPR.jcl (text/plain) in CBT.V505.FILE254.PDS, moved to PDS/RUNDMPPR
2023-08-06 02:30:56.158118 - Found SAMPI.txt (text/plain) in CBT.V505.FILE254.PDS, moved to PDS/SAMPI
2023-08-06 02:30:56.159061 - Found SAVEACDS.rexx (text/plain) in CBT.V505.FILE254.PDS, moved to PDS/SAVEACDS
2023-08-06 02:30:56.159974 - Found SCANTERM.rexx (text/plain) in CBT.V505.FILE254.PDS, moved to PDS/SCANTERM
2023-08-06 02:30:56.160856 - Found SCNTRMOT.txt (text/plain) in CBT.V505.FILE254.PDS, moved to PDS/SCNTRMOT
2023-08-06 02:30:56.161744 - Found SDD81B.jcl (text/plain) in CBT.V505.FILE254.PDS, moved to PDS/SDD81B
2023-08-06 02:30:56.162597 - Found SDD81JCL.jcl (text/plain) in CBT.V505.FILE254.PDS, moved to PDS/SDD81JCL
2023-08-06 02:30:56.163550 - Found SDD81NEW.txt (text/plain) in CBT.V505.FILE254.PDS, moved to PDS/SDD81NEW
2023-08-06 02:30:56.164550 - Found SDD81TMP.txt (text/plain) in CBT.V505.FILE254.PDS, moved to PDS/SDD81TMP
2023-08-06 02:30:56.165473 - Found SERIAL.rexx (text/plain) in CBT.V505.FILE254.PDS, moved to PDS/SERIAL
2023-08-06 02:30:56.166414 - Found SICSCAN.rexx (text/plain) in CBT.V505.FILE254.PDS, moved to PDS/SICSCAN
2023-08-06 02:30:56.167401 - Found SLCTFRAG.rexx (text/plain) in CBT.V505.FILE254.PDS, moved to PDS/SLCTFRAG
2023-08-06 02:30:56.168308 - Found SMFANAL.jcl (text/plain) in CBT.V505.FILE254.PDS, moved to PDS/SMFANAL
2023-08-06 02:30:56.169249 - Found SMFDSNME.jcl (text/plain) in CBT.V505.FILE254.PDS, moved to PDS/SMFDSNME
2023-08-06 02:30:56.170148 - Found SMFPROC.jcl (text/plain) in CBT.V505.FILE254.PDS, moved to PDS/SMFPROC
2023-08-06 02:30:56.171074 - Found SMFPROC2.jcl (text/plain) in CBT.V505.FILE254.PDS, moved to PDS/SMFPROC2
2023-08-06 02:30:56.171947 - Found SMFPROC3.jcl (text/plain) in CBT.V505.FILE254.PDS, moved to PDS/SMFPROC3
2023-08-06 02:30:56.172812 - Found SMPLIST.jcl (text/plain) in CBT.V505.FILE254.PDS, moved to PDS/SMPLIST
2023-08-06 02:30:56.173730 - Found SMSEXMPL.jcl (text/plain) in CBT.V505.FILE254.PDS, moved to PDS/SMSEXMPL
2023-08-06 02:30:56.174679 - Found SMSEXMP2.jcl (text/plain) in CBT.V505.FILE254.PDS, moved to PDS/SMSEXMP2
2023-08-06 02:30:56.175631 - Found SMSEXMP3.jcl (text/plain) in CBT.V505.FILE254.PDS, moved to PDS/SMSEXMP3
2023-08-06 02:30:56.176561 - Found SMSEXMP4.jcl (text/plain) in CBT.V505.FILE254.PDS, moved to PDS/SMSEXMP4
2023-08-06 02:30:56.177467 - Found SMSEXMP5.jcl (text/plain) in CBT.V505.FILE254.PDS, moved to PDS/SMSEXMP5
2023-08-06 02:30:56.178328 - Found SMSEXMP6.jcl (text/plain) in CBT.V505.FILE254.PDS, moved to PDS/SMSEXMP6
2023-08-06 02:30:56.179172 - Found SMSEXMP7.jcl (text/plain) in CBT.V505.FILE254.PDS, moved to PDS/SMSEXMP7
2023-08-06 02:30:56.180099 - Found SMSEXMP8.jcl (text/plain) in CBT.V505.FILE254.PDS, moved to PDS/SMSEXMP8
2023-08-06 02:30:56.181055 - Found SMSEXMP9.jcl (text/plain) in CBT.V505.FILE254.PDS, moved to PDS/SMSEXMP9
2023-08-06 02:30:56.181938 - Found SQLDEL.txt (text/plain) in CBT.V505.FILE254.PDS, moved to PDS/SQLDEL
2023-08-06 02:30:56.182854 - Found SQLSEL.txt (text/plain) in CBT.V505.FILE254.PDS, moved to PDS/SQLSEL
2023-08-06 02:30:56.183793 - Found STANDARD.txt (text/plain) in CBT.V505.FILE254.PDS, moved to PDS/STANDARD
2023-08-06 02:30:56.184682 - Found STATSUP.rexx (text/plain) in CBT.V505.FILE254.PDS, moved to PDS/STATSUP
2023-08-06 02:30:56.185544 - Found STEP4EXC.rexx (text/plain) in CBT.V505.FILE254.PDS, moved to PDS/STEP4EXC
2023-08-06 02:30:56.186476 - Found STOPX37R.jcl (text/plain) in CBT.V505.FILE254.PDS, moved to PDS/STOPX37R
2023-08-06 02:30:56.187404 - Found STORECNT.rexx (text/plain) in CBT.V505.FILE254.PDS, moved to PDS/STORECNT
2023-08-06 02:30:56.188342 - Found STORESUM.jcl (text/plain) in CBT.V505.FILE254.PDS, moved to PDS/STORESUM
2023-08-06 02:30:56.189253 - Found STORGRPM.txt (text/plain) in CBT.V505.FILE254.PDS, moved to PDS/STORGRPM
2023-08-06 02:30:56.190205 - Found STORGRPO.txt (text/plain) in CBT.V505.FILE254.PDS, moved to PDS/STORGRPO
2023-08-06 02:30:56.191161 - Found STORTEST.jcl (text/plain) in CBT.V505.FILE254.PDS, moved to PDS/STORTEST
2023-08-06 02:30:56.192064 - Found STPX37TS.jcl (text/plain) in CBT.V505.FILE254.PDS, moved to PDS/STPX37TS
2023-08-06 02:30:56.193019 - Found SU10ADI9.jcl (text/plain) in CBT.V505.FILE254.PDS, moved to PDS/SU10ADI9
2023-08-06 02:30:56.193935 - Found SYNALIAS.rexx (text/plain) in CBT.V505.FILE254.PDS, moved to PDS/SYNALIAS
2023-08-06 02:30:56.194790 - Found SYNCLIST.jcl (text/plain) in CBT.V505.FILE254.PDS, moved to PDS/SYNCLIST
2023-08-06 02:30:56.195728 - Found SYNCRACF.jcl (text/plain) in CBT.V505.FILE254.PDS, moved to PDS/SYNCRACF
2023-08-06 02:30:56.196638 - Found SYSAIOCP.jcl (text/plain) in CBT.V505.FILE254.PDS, moved to PDS/SYSAIOCP
2023-08-06 02:30:56.197486 - Found SYSALIAS.rexx (text/plain) in CBT.V505.FILE254.PDS, moved to PDS/SYSALIAS
2023-08-06 02:30:56.198407 - Found SYSBIOCP.jcl (text/plain) in CBT.V505.FILE254.PDS, moved to PDS/SYSBIOCP
2023-08-06 02:30:56.199362 - Found SYSDASD.jcl (text/plain) in CBT.V505.FILE254.PDS, moved to PDS/SYSDASD
2023-08-06 02:30:56.200290 - Found SYSDASDR.jcl (text/plain) in CBT.V505.FILE254.PDS, moved to PDS/SYSDASDR
2023-08-06 02:30:56.201217 - Found SYSMATCH.jcl (text/plain) in CBT.V505.FILE254.PDS, moved to PDS/SYSMATCH
2023-08-06 02:30:56.202092 - Found SYSMIOCP.jcl (text/plain) in CBT.V505.FILE254.PDS, moved to PDS/SYSMIOCP
2023-08-06 02:30:56.202933 - Found SYSUIOCP.jcl (text/plain) in CBT.V505.FILE254.PDS, moved to PDS/SYSUIOCP
2023-08-06 02:30:56.203887 - Found TAPEMAP.jcl (text/plain) in CBT.V505.FILE254.PDS, moved to PDS/TAPEMAP
2023-08-06 02:30:56.204779 - Found TDB2TEP2.jcl (text/plain) in CBT.V505.FILE254.PDS, moved to PDS/TDB2TEP2
2023-08-06 02:30:56.205620 - Found TDB2TICK.jcl (text/plain) in CBT.V505.FILE254.PDS, moved to PDS/TDB2TICK
2023-08-06 02:30:56.206435 - Found TEST.jcl (text/plain) in CBT.V505.FILE254.PDS, moved to PDS/TEST
2023-08-06 02:30:56.207250 - Found TESTBITR.jcl (text/plain) in CBT.V505.FILE254.PDS, moved to PDS/TESTBITR
2023-08-06 02:30:56.208019 - Found TESTB2C.jcl (text/plain) in CBT.V505.FILE254.PDS, moved to PDS/TESTB2C
2023-08-06 02:30:56.208779 - Found TESTB2CR.rexx (text/plain) in CBT.V505.FILE254.PDS, moved to PDS/TESTB2CR
2023-08-06 02:30:56.209783 - Found TESTCLOS.jcl (text/plain) in CBT.V505.FILE254.PDS, moved to PDS/TESTCLOS
2023-08-06 02:30:56.210781 - Found TESTCSD.jcl (text/plain) in CBT.V505.FILE254.PDS, moved to PDS/TESTCSD
2023-08-06 02:30:56.211648 - Found TESTDB2P.jcl (text/plain) in CBT.V505.FILE254.PDS, moved to PDS/TESTDB2P
2023-08-06 02:30:56.212522 - Found TESTDB2T.jcl (text/plain) in CBT.V505.FILE254.PDS, moved to PDS/TESTDB2T
2023-08-06 02:30:56.213499 - Found TESTFAVR.jcl (text/plain) in CBT.V505.FILE254.PDS, moved to PDS/TESTFAVR
2023-08-06 02:30:56.214345 - Found TESTJCL1.jcl (text/plain) in CBT.V505.FILE254.PDS, moved to PDS/TESTJCL1
2023-08-06 02:30:56.215169 - Found TESTJCL2.jcl (text/plain) in CBT.V505.FILE254.PDS, moved to PDS/TESTJCL2
2023-08-06 02:30:56.216022 - Found TESTPROC.jcl (text/plain) in CBT.V505.FILE254.PDS, moved to PDS/TESTPROC
2023-08-06 02:30:56.216857 - Found TESTTEST.jcl (text/plain) in CBT.V505.FILE254.PDS, moved to PDS/TESTTEST
2023-08-06 02:30:56.217797 - Found TESTXREF.jcl (text/plain) in CBT.V505.FILE254.PDS, moved to PDS/TESTXREF
2023-08-06 02:30:56.218714 - Found TESTXRF2.jcl (text/plain) in CBT.V505.FILE254.PDS, moved to PDS/TESTXRF2
2023-08-06 02:30:56.219657 - Found TESTZ.jcl (text/plain) in CBT.V505.FILE254.PDS, moved to PDS/TESTZ
2023-08-06 02:30:56.220617 - Found TEST1.jcl (text/plain) in CBT.V505.FILE254.PDS, moved to PDS/TEST1
2023-08-06 02:30:56.221496 - Found TEST2400.jcl (text/plain) in CBT.V505.FILE254.PDS, moved to PDS/TEST2400
2023-08-06 02:30:56.222427 - Found TEST5.jcl (text/plain) in CBT.V505.FILE254.PDS, moved to PDS/TEST5
2023-08-06 02:30:56.223441 - Found TEST8.jcl (text/plain) in CBT.V505.FILE254.PDS, moved to PDS/TEST8
2023-08-06 02:30:56.224363 - Found TEST9.jcl (text/plain) in CBT.V505.FILE254.PDS, moved to PDS/TEST9
2023-08-06 02:30:56.225343 - Found TEST99.jcl (text/plain) in CBT.V505.FILE254.PDS, moved to PDS/TEST99
2023-08-06 02:30:56.226353 - Found TEX.rexx (text/plain) in CBT.V505.FILE254.PDS, moved to PDS/TEX
2023-08-06 02:30:56.227308 - Found TEX2.rexx (text/plain) in CBT.V505.FILE254.PDS, moved to PDS/TEX2
2023-08-06 02:30:56.228179 - Found TIDOUTS.txt (text/plain) in CBT.V505.FILE254.PDS, moved to PDS/TIDOUTS
2023-08-06 02:30:56.229015 - Found TIDXADEF.rexx (text/plain) in CBT.V505.FILE254.PDS, moved to PDS/TIDXADEF
2023-08-06 02:30:56.229951 - Found TIDXCMPR.rexx (text/plain) in CBT.V505.FILE254.PDS, moved to PDS/TIDXCMPR
2023-08-06 02:30:56.230870 - Found TIOTSCAN.jcl (text/plain) in CBT.V505.FILE254.PDS, moved to PDS/TIOTSCAN
2023-08-06 02:30:56.231676 - Found TLMSXREF.jcl (text/plain) in CBT.V505.FILE254.PDS, moved to PDS/TLMSXREF
2023-08-06 02:30:56.232486 - Found TLMSXRFJ.jcl (text/plain) in CBT.V505.FILE254.PDS, moved to PDS/TLMSXRFJ
2023-08-06 02:30:56.233387 - Found TLMSXTST.jcl (text/plain) in CBT.V505.FILE254.PDS, moved to PDS/TLMSXTST
2023-08-06 02:30:56.234342 - Found TMONCAPL.jcl (text/plain) in CBT.V505.FILE254.PDS, moved to PDS/TMONCAPL
2023-08-06 02:30:56.235232 - Found TMRP23C.jcl (text/plain) in CBT.V505.FILE254.PDS, moved to PDS/TMRP23C
2023-08-06 02:30:56.236065 - Found TSOADD.jcl (text/plain) in CBT.V505.FILE254.PDS, moved to PDS/TSOADD
2023-08-06 02:30:56.236910 - Found TSOIDLST.rexx (text/plain) in CBT.V505.FILE254.PDS, moved to PDS/TSOIDLST
2023-08-06 02:30:56.237884 - Found TSOOIDL.rexx (text/plain) in CBT.V505.FILE254.PDS, moved to PDS/TSOOIDL
2023-08-06 02:30:56.238740 - Found TSOSMSLS.rexx (text/plain) in CBT.V505.FILE254.PDS, moved to PDS/TSOSMSLS
2023-08-06 02:30:56.239573 - Found TSOUSERS.rexx (text/plain) in CBT.V505.FILE254.PDS, moved to PDS/TSOUSERS
2023-08-06 02:30:56.240522 - Found UIDBUILD.rexx (text/plain) in CBT.V505.FILE254.PDS, moved to PDS/UIDBUILD
2023-08-06 02:30:56.241536 - Found ULOADCPU.jcl (text/plain) in CBT.V505.FILE254.PDS, moved to PDS/ULOADCPU
2023-08-06 02:30:56.242543 - Found ULOADJOB.jcl (text/plain) in CBT.V505.FILE254.PDS, moved to PDS/ULOADJOB
2023-08-06 02:30:56.243525 - Found ULOADWRK.jcl (text/plain) in CBT.V505.FILE254.PDS, moved to PDS/ULOADWRK
2023-08-06 02:30:56.244417 - Found UPSTREAM.jcl (text/plain) in CBT.V505.FILE254.PDS, moved to PDS/UPSTREAM
2023-08-06 02:30:56.245320 - Found VENSLS1.jcl (text/plain) in CBT.V505.FILE254.PDS, moved to PDS/VENSLS1
2023-08-06 02:30:56.246157 - Found VMAINTV.jcl (text/plain) in CBT.V505.FILE254.PDS, moved to PDS/VMAINTV
2023-08-06 02:30:56.247094 - Found VOLSADDR.txt (text/plain) in CBT.V505.FILE254.PDS, moved to PDS/VOLSADDR
2023-08-06 02:30:56.247962 - Found VOLSNAME.txt (text/plain) in CBT.V505.FILE254.PDS, moved to PDS/VOLSNAME
2023-08-06 02:30:56.248802 - Found VSMRESET.jcl (text/plain) in CBT.V505.FILE254.PDS, moved to PDS/VSMRESET
2023-08-06 02:30:56.249715 - Found VSMTEST.jcl (text/plain) in CBT.V505.FILE254.PDS, moved to PDS/VSMTEST
2023-08-06 02:30:56.250584 - Found VTOC.rexx (text/plain) in CBT.V505.FILE254.PDS, moved to PDS/VTOC
2023-08-06 02:30:56.251475 - Found VTOCSCAN.jcl (text/plain) in CBT.V505.FILE254.PDS, moved to PDS/VTOCSCAN
2023-08-06 02:30:56.252306 - Found VTOCSORT.jcl (text/plain) in CBT.V505.FILE254.PDS, moved to PDS/VTOCSORT
2023-08-06 02:30:56.253256 - Found VTOCSYIN.txt (text/plain) in CBT.V505.FILE254.PDS, moved to PDS/VTOCSYIN
2023-08-06 02:30:56.254115 - Found WHOISX.rexx (text/plain) in CBT.V505.FILE254.PDS, moved to PDS/WHOISX
2023-08-06 02:30:56.254988 - Found WRESTSRC.jcl (text/plain) in CBT.V505.FILE254.PDS, moved to PDS/WRESTSRC
2023-08-06 02:30:56.255822 - Found WTOTEST.jcl (text/plain) in CBT.V505.FILE254.PDS, moved to PDS/WTOTEST
2023-08-06 02:30:56.256662 - Found XCATSRC.jcl (text/plain) in CBT.V505.FILE254.PDS, moved to PDS/XCATSRC
2023-08-06 02:30:56.257535 - Found XCOMJOB.jcl (text/plain) in CBT.V505.FILE254.PDS, moved to PDS/XCOMJOB
2023-08-06 02:30:56.258443 - Found XCOMLOAD.jcl (text/plain) in CBT.V505.FILE254.PDS, moved to PDS/XCOMLOAD
2023-08-06 02:30:56.259427 - Found XCOMMDIR.txt (text/plain) in CBT.V505.FILE254.PDS, moved to PDS/XCOMMDIR
2023-08-06 02:30:56.260282 - Found XCOMSAMP.jcl (text/plain) in CBT.V505.FILE254.PDS, moved to PDS/XCOMSAMP
2023-08-06 02:30:56.261144 - Found XCOMTEST.jcl (text/plain) in CBT.V505.FILE254.PDS, moved to PDS/XCOMTEST
2023-08-06 02:30:56.261995 - Found XLIBALLS.jcl (text/plain) in CBT.V505.FILE254.PDS, moved to PDS/XLIBALLS
2023-08-06 02:30:56.262807 - Found XREFPROD.jcl (text/plain) in CBT.V505.FILE254.PDS, moved to PDS/XREFPROD
2023-08-06 02:30:56.263655 - Found XREFT2.jcl (text/plain) in CBT.V505.FILE254.PDS, moved to PDS/XREFT2
2023-08-06 02:30:56.264477 - Found XREFT3.jcl (text/plain) in CBT.V505.FILE254.PDS, moved to PDS/XREFT3
2023-08-06 02:30:56.265331 - Found XTEST.jcl (text/plain) in CBT.V505.FILE254.PDS, moved to PDS/XTEST
2023-08-06 02:30:56.266185 - Found ZAP.jcl (text/plain) in CBT.V505.FILE254.PDS, moved to PDS/ZAP
2023-08-06 02:30:56.267058 - Found ZIP.jcl (text/plain) in CBT.V505.FILE254.PDS, moved to PDS/ZIP
2023-08-06 02:30:56.267911 - Found ZKCATTST.jcl (text/plain) in CBT.V505.FILE254.PDS, moved to PDS/ZKCATTST
2023-08-06 02:30:56.268726 - Found ZZAP.jcl (text/plain) in CBT.V505.FILE254.PDS, moved to PDS/ZZAP
